<?xml version="1.0" encoding="UTF-8"?>
<!-- Generated by org.testng.reporters.JUnitReportReporter -->
<testsuite hostname="DESKTOP-590K7LO" failures="0" tests="7" name="basicTest.DataproviderExample" time="0.011" errors="0" timestamp="2022-06-30T17:13:47 IST" skipped="0">
  <testcase classname="basicTest.DataproviderExample" name="login" time="0.005"/>
  <system-out/>
  <testcase classname="basicTest.DataproviderExample" name="login" time="0.002"/>
  <system-out/>
  <testcase classname="basicTest.DataproviderExample" name="login" time="0.000"/>
  <system-out/>
  <testcase classname="basicTest.DataproviderExample" name="login" time="0.001"/>
  <system-out/>
  <testcase classname="basicTest.DataproviderExample" name="login" time="0.001"/>
  <system-out/>
  <testcase classname="basicTest.DataproviderExample" name="login" time="0.001"/>
  <system-out/>
  <testcase classname="basicTest.DataproviderExample" name="login" time="0.001"/>
  <system-out/>
</testsuite> <!-- basicTest.DataproviderExample -->
