<?xml version="1.0" encoding="UTF-8"?>
<!-- Generated by org.testng.reporters.JUnitReportReporter -->
<testsuite hostname="DESKTOP-590K7LO" failures="0" tests="7" name="basicTest.ParameterizationExample" time="0.012" errors="0" timestamp="2022-06-30T17:28:02 IST" skipped="0">
  <testcase classname="basicTest.ParameterizationExample" name="invalidUsernameInvalidPassword" time="0.001"/>
  <system-out>
    <![CDATA[username = invalid-dan@gmail.com
password = invalid-test1234]]>
  </system-out>
  <testcase classname="basicTest.ParameterizationExample" name="invalidUsernameValidPassword" time="0.001"/>
  <system-out>
    <![CDATA[username = invalid-dan@gmail.com
password = test1234]]>
  </system-out>
  <testcase classname="basicTest.ParameterizationExample" name="blankUsernameValidPassword" time="0.001"/>
  <system-out>
    <![CDATA[username = 
password = test1234]]>
  </system-out>
  <testcase classname="basicTest.ParameterizationExample" name="validUsernameBlankPassword" time="0.002"/>
  <system-out>
    <![CDATA[username = dan@gmail.com
password = ]]>
  </system-out>
  <testcase classname="basicTest.ParameterizationExample" name="blankUsernameBlankPassword" time="0.007"/>
  <system-out>
    <![CDATA[username = 
password = ]]>
  </system-out>
  <testcase classname="basicTest.ParameterizationExample" name="validUsernameValidPassword" time="0.000"/>
  <system-out>
    <![CDATA[username = dan@gmail.com
password = test1234]]>
  </system-out>
  <testcase classname="basicTest.ParameterizationExample" name="validUsernameInvalidPassword" time="0.000"/>
  <system-out>
    <![CDATA[username = dan@gmail.com
password = invalid-test1234]]>
  </system-out>
</testsuite> <!-- basicTest.ParameterizationExample -->
