<?xml version="1.0" encoding="UTF-8"?>
<!-- Generated by org.testng.reporters.JUnitReportReporter -->
<testsuite hostname="DESKTOP-590K7LO" failures="0" tests="3" name="basicTest.ParallelExample" time="0.030" errors="0" timestamp="2022-06-30T17:33:49 IST" skipped="0">
  <testcase classname="basicTest.ParallelExample" name="testCase" time="0.010"/>
  <system-out/>
  <testcase classname="basicTest.ParallelExample" name="testCase" time="0.010"/>
  <system-out/>
  <testcase classname="basicTest.ParallelExample" name="testCase" time="0.010"/>
  <system-out/>
</testsuite> <!-- basicTest.ParallelExample -->
