<?xml version="1.0" encoding="UTF-8"?>
<!-- Generated by org.testng.reporters.JUnitReportReporter -->
<testsuite hostname="DESKTOP-590K7LO" failures="0" tests="2" name="basicTest.GroupsExample" time="0.010" errors="0" timestamp="2022-06-30T17:08:13 IST" skipped="0">
  <testcase classname="basicTest.GroupsExample" name="tc2" time="0.009"/>
  <system-out/>
  <testcase classname="basicTest.GroupsExample" name="tc4" time="0.001"/>
  <system-out/>
</testsuite> <!-- basicTest.GroupsExample -->
